[debug] [2026-02-27T00:26:34.737Z] ----------------------------------------------------------------------
[debug] [2026-02-27T00:26:34.740Z] Command:       C:\Program Files\nodejs\node.exe C:\Users\Raphael\AppData\Roaming\npm\node_modules\firebase-tools\lib\bin\firebase.js init
[debug] [2026-02-27T00:26:34.740Z] CLI Version:   15.8.0
[debug] [2026-02-27T00:26:34.740Z] Platform:      win32
[debug] [2026-02-27T00:26:34.740Z] Node Version:  v24.11.1
[debug] [2026-02-27T00:26:34.740Z] Time:          Thu Feb 26 2026 21:26:34 GMT-0300 (Horário Padrão de Brasília)
[debug] [2026-02-27T00:26:34.740Z] ----------------------------------------------------------------------
[debug] 
[debug] [2026-02-27T00:26:34.742Z] >>> [apiv2][query] GET https://firebase-public.firebaseio.com/cli.json [none]
[debug] [2026-02-27T00:26:36.538Z] Object "" in "firebase.json" has unknown property: {"additionalProperty":"project_info"}
[debug] [2026-02-27T00:26:36.542Z] Object "" in "firebase.json" has unknown property: {"additionalProperty":"project_info"}
[info] 
     ######## #### ########  ######## ########     ###     ######  ########
     ##        ##  ##     ## ##       ##     ##  ##   ##  ##       ##
     ######    ##  ########  ######   ########  #########  ######  ######
     ##        ##  ##    ##  ##       ##     ## ##     ##       ## ##
     ##       #### ##     ## ######## ########  ##     ##  ######  ########

You're about to initialize a Firebase project in this directory:

  C:\Users\Raphael\Documents\Aplicativo-RH

Before we get started, keep in mind:

  * You are initializing within an existing Firebase project directory

[debug] [2026-02-27T00:26:36.846Z] <<< [apiv2][status] GET https://firebase-public.firebaseio.com/cli.json 200
[debug] [2026-02-27T00:26:36.846Z] <<< [apiv2][body] GET https://firebase-public.firebaseio.com/cli.json {"cloudBuildErrorAfter":1594252800000,"cloudBuildWarnAfter":1590019200000,"defaultNode10After":1594252800000,"minVersion":"3.0.5","node8DeploysDisabledAfter":1613390400000,"node8RuntimeDisabledAfter":1615809600000,"node8WarnAfter":1600128000000}
[info] 
=== Project Setup
[info] 
[info] First, let's associate this project directory with a Firebase project.
[info] You can create multiple project aliases by running firebase use --add, 
[info] 
[debug] [2026-02-27T00:27:18.479Z] > command requires scopes: ["email","openid","https://www.googleapis.com/auth/cloudplatformprojects.readonly","https://www.googleapis.com/auth/firebase","https://www.googleapis.com/auth/cloud-platform"]
[debug] [2026-02-27T00:27:18.479Z] > authorizing via signed-in user (duraoraphael@gmail.com)
[debug] [2026-02-27T00:27:18.479Z] Checked if tokens are valid: false, expires at: 1765414907382
[debug] [2026-02-27T00:27:18.479Z] Checked if tokens are valid: false, expires at: 1765414907382
[debug] [2026-02-27T00:27:18.479Z] > refreshing access token with scopes: []
[debug] [2026-02-27T00:27:18.480Z] >>> [apiv2][query] POST https://www.googleapis.com/oauth2/v3/token [none]
[debug] [2026-02-27T00:27:18.480Z] >>> [apiv2][body] POST https://www.googleapis.com/oauth2/v3/token [omitted]
[debug] [2026-02-27T00:27:18.665Z] <<< [apiv2][status] POST https://www.googleapis.com/oauth2/v3/token 200
[debug] [2026-02-27T00:27:18.665Z] <<< [apiv2][body] POST https://www.googleapis.com/oauth2/v3/token [omitted]
[debug] [2026-02-27T00:27:18.676Z] >>> [apiv2][query] GET https://firebase.googleapis.com/v1beta1/projects/norahub-2655f [none]
[debug] [2026-02-27T00:27:19.125Z] <<< [apiv2][status] GET https://firebase.googleapis.com/v1beta1/projects/norahub-2655f 200
[debug] [2026-02-27T00:27:19.125Z] <<< [apiv2][body] GET https://firebase.googleapis.com/v1beta1/projects/norahub-2655f {"projectId":"norahub-2655f","projectNumber":"827808998482","displayName":"norahub","name":"projects/norahub-2655f","resources":{"hostingSite":"norahub-2655f"},"state":"ACTIVE","etag":"1_a60bcd2b-7985-4104-a439-c20203e96ee3"}
[info] i  Using project norahub-2655f (norahub) . 
[info] 
=== Dataconnect Setup
[info] i  dataconnect: ensuring required API firebasedataconnect.googleapis.com is enabled... 
[debug] [2026-02-27T00:27:19.146Z] Checked if tokens are valid: true, expires at: 1772155637665
[debug] [2026-02-27T00:27:19.146Z] Checked if tokens are valid: true, expires at: 1772155637665
[info] i  dataconnect: ensuring required API sqladmin.googleapis.com is enabled... 
[debug] [2026-02-27T00:27:19.146Z] Checked if tokens are valid: true, expires at: 1772155637665
[debug] [2026-02-27T00:27:19.146Z] Checked if tokens are valid: true, expires at: 1772155637665
[debug] [2026-02-27T00:27:19.146Z] >>> [apiv2][query] GET https://serviceusage.googleapis.com/v1/projects/norahub-2655f/services/firebasedataconnect.googleapis.com [none]
[debug] [2026-02-27T00:27:19.146Z] >>> [apiv2][(partial)header] GET https://serviceusage.googleapis.com/v1/projects/norahub-2655f/services/firebasedataconnect.googleapis.com  x-goog-user-project=norahub-2655f
[debug] [2026-02-27T00:27:19.148Z] >>> [apiv2][query] GET https://serviceusage.googleapis.com/v1/projects/norahub-2655f/services/sqladmin.googleapis.com [none]
[debug] [2026-02-27T00:27:19.148Z] >>> [apiv2][(partial)header] GET https://serviceusage.googleapis.com/v1/projects/norahub-2655f/services/sqladmin.googleapis.com  x-goog-user-project=norahub-2655f
[debug] [2026-02-27T00:27:20.255Z] <<< [apiv2][status] GET https://serviceusage.googleapis.com/v1/projects/norahub-2655f/services/firebasedataconnect.googleapis.com 200
[debug] [2026-02-27T00:27:20.255Z] <<< [apiv2][body] GET https://serviceusage.googleapis.com/v1/projects/norahub-2655f/services/firebasedataconnect.googleapis.com [omitted]
[warn] !  dataconnect: missing required API firebasedataconnect.googleapis.com. Enabling now... 
[debug] [2026-02-27T00:27:20.256Z] Checked if tokens are valid: true, expires at: 1772155637665
[debug] [2026-02-27T00:27:20.256Z] Checked if tokens are valid: true, expires at: 1772155637665
[debug] [2026-02-27T00:27:20.256Z] >>> [apiv2][query] POST https://serviceusage.googleapis.com/v1/projects/norahub-2655f/services/firebasedataconnect.googleapis.com:enable [none]
[debug] [2026-02-27T00:27:20.256Z] >>> [apiv2][(partial)header] POST https://serviceusage.googleapis.com/v1/projects/norahub-2655f/services/firebasedataconnect.googleapis.com:enable  x-goog-user-project=norahub-2655f
[debug] [2026-02-27T00:27:20.257Z] <<< [apiv2][status] GET https://serviceusage.googleapis.com/v1/projects/norahub-2655f/services/sqladmin.googleapis.com 200
[debug] [2026-02-27T00:27:20.257Z] <<< [apiv2][body] GET https://serviceusage.googleapis.com/v1/projects/norahub-2655f/services/sqladmin.googleapis.com [omitted]
[warn] !  dataconnect: missing required API sqladmin.googleapis.com. Enabling now... 
[debug] [2026-02-27T00:27:20.257Z] Checked if tokens are valid: true, expires at: 1772155637665
[debug] [2026-02-27T00:27:20.257Z] Checked if tokens are valid: true, expires at: 1772155637665
[debug] [2026-02-27T00:27:20.257Z] >>> [apiv2][query] POST https://serviceusage.googleapis.com/v1/projects/norahub-2655f/services/sqladmin.googleapis.com:enable [none]
[debug] [2026-02-27T00:27:20.257Z] >>> [apiv2][(partial)header] POST https://serviceusage.googleapis.com/v1/projects/norahub-2655f/services/sqladmin.googleapis.com:enable  x-goog-user-project=norahub-2655f
[debug] [2026-02-27T00:27:20.891Z] <<< [apiv2][status] POST https://serviceusage.googleapis.com/v1/projects/norahub-2655f/services/sqladmin.googleapis.com:enable 200
[debug] [2026-02-27T00:27:20.891Z] <<< [apiv2][body] POST https://serviceusage.googleapis.com/v1/projects/norahub-2655f/services/sqladmin.googleapis.com:enable [omitted]
[debug] [2026-02-27T00:27:21.029Z] <<< [apiv2][status] POST https://serviceusage.googleapis.com/v1/projects/norahub-2655f/services/firebasedataconnect.googleapis.com:enable 200
[debug] [2026-02-27T00:27:21.029Z] <<< [apiv2][body] POST https://serviceusage.googleapis.com/v1/projects/norahub-2655f/services/firebasedataconnect.googleapis.com:enable [omitted]
[debug] [2026-02-27T00:27:31.041Z] Checked if tokens are valid: true, expires at: 1772155637665
[debug] [2026-02-27T00:27:31.041Z] Checked if tokens are valid: true, expires at: 1772155637665
[debug] [2026-02-27T00:27:31.041Z] >>> [apiv2][query] GET https://firebasedataconnect.googleapis.com/v1/projects/norahub-2655f/locations/-/services [none]
[debug] [2026-02-27T00:27:32.319Z] <<< [apiv2][status] GET https://firebasedataconnect.googleapis.com/v1/projects/norahub-2655f/locations/-/services 200
[debug] [2026-02-27T00:27:32.319Z] <<< [apiv2][body] GET https://firebasedataconnect.googleapis.com/v1/projects/norahub-2655f/locations/-/services {}
[info] i  : ensuring required API cloudaicompanion.googleapis.com is enabled... 
[debug] [2026-02-27T00:27:46.352Z] Checked if tokens are valid: true, expires at: 1772155637665
[debug] [2026-02-27T00:27:46.352Z] Checked if tokens are valid: true, expires at: 1772155637665
[debug] [2026-02-27T00:27:46.352Z] >>> [apiv2][query] GET https://serviceusage.googleapis.com/v1/projects/norahub-2655f/services/cloudaicompanion.googleapis.com [none]
[debug] [2026-02-27T00:27:46.352Z] >>> [apiv2][(partial)header] GET https://serviceusage.googleapis.com/v1/projects/norahub-2655f/services/cloudaicompanion.googleapis.com  x-goog-user-project=norahub-2655f
[debug] [2026-02-27T00:27:47.348Z] <<< [apiv2][status] GET https://serviceusage.googleapis.com/v1/projects/norahub-2655f/services/cloudaicompanion.googleapis.com 200
[debug] [2026-02-27T00:27:47.348Z] <<< [apiv2][body] GET https://serviceusage.googleapis.com/v1/projects/norahub-2655f/services/cloudaicompanion.googleapis.com [omitted]
[info] +  : required API cloudaicompanion.googleapis.com is enabled 
[debug] [2026-02-27T00:27:59.410Z] ExitPromptError: User force closed the prompt with SIGINT
    at Interface.sigint (C:\Users\Raphael\AppData\Roaming\npm\node_modules\firebase-tools\node_modules\@inquirer\core\dist\commonjs\lib\create-prompt.js:101:37)
    at Interface.emit (node:events:508:28)
    at [_ttyWrite] [as _ttyWrite] (node:internal/readline/interface:1317:18)
    at ReadStream.onkeypress (node:internal/readline/interface:284:20)
    at ReadStream.emit (node:events:520:35)
    at emitKeys (node:internal/readline/utils:371:14)
    at emitKeys.next (<anonymous>)
    at ReadStream.onData (node:internal/readline/emitKeypressEvents:64:36)
    at ReadStream.emit (node:events:508:28)
    at addChunk (node:internal/streams/readable:559:12)
[error] 
[error] Error: An unexpected error has occurred.
